Build started 7/08/2018 19:56:23.
     1>Project "F:\TRAVAUXENCOURS\CHANTIER\Turing_Machines\newnew_turing\turing\4statesCpu\4statesCpu.vcxproj" on node 2 (build target(s)).
     1>InitializeBuildStatus:
         Creating "Release\4statesCpu.unsuccessfulbuild" because "AlwaysCreate" was specified.
       ClCompile:
         All outputs are up-to-date.
       Link:
         All outputs are up-to-date.
         4statesCpu.vcxproj -> F:\TRAVAUXENCOURS\CHANTIER\Turing_Machines\newnew_turing\turing\Release\4statesCpu.exe
       PostBuildEvent:
         echo copy "C:\Program Files\NVIDIA GPU Computing Toolkit\CUDA\v5.5\bin\cudart*.dll" "F:\TRAVAUXENCOURS\CHANTIER\Turing_Machines\newnew_turing\turing\Release\"
         copy "C:\Program Files\NVIDIA GPU Computing Toolkit\CUDA\v5.5\bin\cudart*.dll" "F:\TRAVAUXENCOURS\CHANTIER\Turing_Machines\newnew_turing\turing\Release\"
         :VCEnd
         copy "C:\Program Files\NVIDIA GPU Computing Toolkit\CUDA\v5.5\bin\cudart*.dll" "F:\TRAVAUXENCOURS\CHANTIER\Turing_Machines\newnew_turing\turing\Release\"
         C:\Program Files\NVIDIA GPU Computing Toolkit\CUDA\v5.5\bin\cudart32_55.dll
         C:\Program Files\NVIDIA GPU Computing Toolkit\CUDA\v5.5\bin\cudart64_55.dll
                 2 fichier(s) copié(s).
       FinalizeBuildStatus:
         Deleting file "Release\4statesCpu.unsuccessfulbuild".
         Touching "Release\4statesCpu.lastbuildstate".
     1>Done Building Project "F:\TRAVAUXENCOURS\CHANTIER\Turing_Machines\newnew_turing\turing\4statesCpu\4statesCpu.vcxproj" (build target(s)).

Build succeeded.

Time Elapsed 00:00:00.10
