Build started 7/08/2018 16:33:08.
     1>Project "F:\TRAVAUXENCOURS\CHANTIER\Turing_Machines\newnew_turing\turing\4statesCuda\4statesCuda.vcxproj" on node 2 (build target(s)).
     1>InitializeBuildStatus:
         Creating "Release\4statesCuda.unsuccessfulbuild" because "AlwaysCreate" was specified.
       AddCudaCompileDeps:
       Skipping target "AddCudaCompileDeps" because all output files are up-to-date with respect to the input files.
       AddCudaCompilePropsDeps:
       Skipping target "AddCudaCompilePropsDeps" because all output files are up-to-date with respect to the input files.
       CudaBuild:
       Skipping target "CudaBuild" because all output files are up-to-date with respect to the input files.
       Link:
         c:\Program Files (x86)\Microsoft Visual Studio 10.0\VC\bin\link.exe /ERRORREPORT:PROMPT /OUT:"F:\TRAVAUXENCOURS\CHANTIER\Turing_Machines\newnew_turing\turing\Release\4statesCuda.exe" /NOLOGO /LIBPATH:"C:\Program Files\NVIDIA GPU Computing Toolkit\CUDA\v5.5\lib\Win32" cudart.lib kernel32.lib user32.lib gdi32.lib winspool.lib comdlg32.lib advapi32.lib shell32.lib ole32.lib oleaut32.lib uuid.lib odbc32.lib odbccp32.lib kernel32.lib user32.lib gdi32.lib winspool.lib comdlg32.lib advapi32.lib shell32.lib ole32.lib oleaut32.lib uuid.lib odbc32.lib odbccp32.lib /MANIFEST /ManifestFile:"Release\4statesCuda.exe.intermediate.manifest" /MANIFESTUAC:"level='asInvoker' uiAccess='false'" /DEBUG /PDB:"F:\TRAVAUXENCOURS\CHANTIER\Turing_Machines\newnew_turing\turing\Release\4statesCuda.pdb" /SUBSYSTEM:CONSOLE /OPT:REF /OPT:ICF /LTCG /TLBID:1 /DYNAMICBASE /NXCOMPAT /IMPLIB:"F:\TRAVAUXENCOURS\CHANTIER\Turing_Machines\newnew_turing\turing\Release\4statesCuda.lib" /MACHINE:X86 Release\kernel.cu.obj
         LINK : /LTCG specified but no code generation required; remove /LTCG from the link command line to improve linker performance
     1>kernel.cu.obj : warning LNK4099: PDB 'vc100.pdb' was not found with 'kernel.cu.obj' or at 'F:\TRAVAUXENCOURS\CHANTIER\Turing_Machines\newnew_turing\turing\Release\vc100.pdb'; linking object as if no debug info
         4statesCuda.vcxproj -> F:\TRAVAUXENCOURS\CHANTIER\Turing_Machines\newnew_turing\turing\Release\4statesCuda.exe
       Manifest:
         c:\Program Files (x86)\Microsoft SDKs\Windows\v7.0A\bin\mt.exe /nologo /verbose /outputresource:"F:\TRAVAUXENCOURS\CHANTIER\Turing_Machines\newnew_turing\turing\Release\4statesCuda.exe;#1" /manifest Release\4statesCuda.exe.intermediate.manifest
       PostBuildEvent:
         echo copy "C:\Program Files\NVIDIA GPU Computing Toolkit\CUDA\v5.5\bin\cudart*.dll" "F:\TRAVAUXENCOURS\CHANTIER\Turing_Machines\newnew_turing\turing\Release\"
         copy "C:\Program Files\NVIDIA GPU Computing Toolkit\CUDA\v5.5\bin\cudart*.dll" "F:\TRAVAUXENCOURS\CHANTIER\Turing_Machines\newnew_turing\turing\Release\"
         :VCEnd
         copy "C:\Program Files\NVIDIA GPU Computing Toolkit\CUDA\v5.5\bin\cudart*.dll" "F:\TRAVAUXENCOURS\CHANTIER\Turing_Machines\newnew_turing\turing\Release\"
         C:\Program Files\NVIDIA GPU Computing Toolkit\CUDA\v5.5\bin\cudart32_55.dll
         C:\Program Files\NVIDIA GPU Computing Toolkit\CUDA\v5.5\bin\cudart64_55.dll
                 2 fichier(s) copié(s).
       FinalizeBuildStatus:
         Deleting file "Release\4statesCuda.unsuccessfulbuild".
         Touching "Release\4statesCuda.lastbuildstate".
     1>Done Building Project "F:\TRAVAUXENCOURS\CHANTIER\Turing_Machines\newnew_turing\turing\4statesCuda\4statesCuda.vcxproj" (build target(s)).

Build succeeded.

Time Elapsed 00:00:01.51
